[themewagon.github.io/Kelly/index.html]
[backblue.gif]
[fade.gif]
[index.html]
[themewagon.github.io/Kelly/assets/img/favicon.png]
[themewagon.github.io/Kelly/assets/img/apple-touch-icon.png]
[themewagon.github.io/Kelly/assets/vendor/bootstrap/css/bootstrap.min.css]
[themewagon.github.io/Kelly/assets/vendor/bootstrap-icons/bootstrap-icons.css]
[themewagon.github.io/Kelly/assets/vendor/aos/aos.css]
[themewagon.github.io/Kelly/assets/vendor/swiper/swiper-bundle.min.css]
[themewagon.github.io/Kelly/assets/vendor/glightbox/css/glightbox.min.css]
[themewagon.github.io/Kelly/assets/css/main.css]
[themewagon.github.io/Kelly/about.html]
[themewagon.github.io/Kelly/resume.html]
[themewagon.github.io/Kelly/services.html]
[themewagon.github.io/Kelly/portfolio.html]
[themewagon.github.io/Kelly/contact.html]
[themewagon.github.io/Kelly/assets/img/hero-bg.jpg]
[themewagon.github.io/Kelly/assets/vendor/bootstrap/js/bootstrap.bundle.min.js]
[themewagon.github.io/Kelly/assets/vendor/php-email-form/validate.js]
[themewagon.github.io/Kelly/assets/vendor/aos/aos.js]
[themewagon.github.io/Kelly/assets/vendor/waypoints/noframework.waypoints.js]
[themewagon.github.io/Kelly/assets/vendor/purecounter/purecounter_vanilla.js]
[themewagon.github.io/Kelly/assets/vendor/swiper/swiper-bundle.min.js]
[themewagon.github.io/Kelly/assets/vendor/glightbox/js/glightbox.min.js]
[themewagon.github.io/Kelly/assets/vendor/imagesloaded/imagesloaded.pkgd.min.js]
[themewagon.github.io/Kelly/assets/vendor/isotope-layout/isotope.pkgd.min.js]
[themewagon.github.io/Kelly/assets/js/main.js]
[themewagon.github.io/Kelly/index.html]
[themewagon.github.io/Kelly/assets/vendor/bootstrap/css/bootstrap.min.css]
[themewagon.github.io/Kelly/assets/vendor/bootstrap-icons/fonts/bootstrap-icons0107.woff2]
[themewagon.github.io/Kelly/assets/vendor/bootstrap-icons/fonts/bootstrap-icons0107.woff]
[themewagon.github.io/Kelly/assets/vendor/bootstrap-icons/bootstrap-icons.css]
[themewagon.github.io/Kelly/assets/vendor/aos/aos.css]
[themewagon.github.io/Kelly/assets/vendor/swiper/swiper-bundle.min.css]
[themewagon.github.io/Kelly/assets/vendor/glightbox/css/glightbox.min.css]
[themewagon.github.io/Kelly/assets/css/main.css]
[themewagon.github.io/Kelly/assets/img/profile-img.jpg]
[themewagon.github.io/Kelly/assets/img/testimonials/testimonials-1.jpg]
[themewagon.github.io/Kelly/assets/img/testimonials/testimonials-2.jpg]
[themewagon.github.io/Kelly/assets/img/testimonials/testimonials-3.jpg]
[themewagon.github.io/Kelly/assets/img/testimonials/testimonials-4.jpg]
[themewagon.github.io/Kelly/assets/img/testimonials/testimonials-5.jpg]
[themewagon.github.io/Kelly/about.html]
[themewagon.github.io/Kelly/resume.html]
[themewagon.github.io/Kelly/services.html]
[themewagon.github.io/Kelly/assets/img/masonry-portfolio/masonry-portfolio-1.jpg]
[themewagon.github.io/Kelly/portfolio-details.html]
[themewagon.github.io/Kelly/assets/img/masonry-portfolio/masonry-portfolio-2.jpg]
[themewagon.github.io/Kelly/assets/img/masonry-portfolio/masonry-portfolio-3.jpg]
[themewagon.github.io/Kelly/assets/img/masonry-portfolio/masonry-portfolio-4.jpg]
[themewagon.github.io/Kelly/assets/img/masonry-portfolio/masonry-portfolio-5.jpg]
[themewagon.github.io/Kelly/assets/img/masonry-portfolio/masonry-portfolio-6.jpg]
[themewagon.github.io/Kelly/assets/img/masonry-portfolio/masonry-portfolio-7.jpg]
[themewagon.github.io/Kelly/assets/img/masonry-portfolio/masonry-portfolio-8.jpg]
[themewagon.github.io/Kelly/assets/img/masonry-portfolio/masonry-portfolio-9.jpg]
[themewagon.github.io/Kelly/portfolio.html]
[themewagon.github.io/Kelly/contact.html]
[themewagon.github.io/Kelly/assets/img/portfolio/app-1.jpg]
[themewagon.github.io/Kelly/assets/img/portfolio/product-1.jpg]
[themewagon.github.io/Kelly/assets/img/portfolio/branding-1.jpg]
[themewagon.github.io/Kelly/assets/img/portfolio/books-1.jpg]
[themewagon.github.io/Kelly/portfolio-details.html]
